<?xml version="1.0" encoding="UTF-8"?>
<testng-results skipped="0" failed="0" ignored="0" total="2" passed="2">
  <reporter-output>
  </reporter-output>
  <suite name="Suite" duration-ms="114" started-at="2022-04-23T14:54:16 IST" finished-at="2022-04-23T14:54:16 IST">
    <groups>
    </groups>
    <test name="Test" duration-ms="114" started-at="2022-04-23T14:54:16 IST" finished-at="2022-04-23T14:54:16 IST">
      <class name="qaclickacademy.APITest">
        <test-method status="PASS" signature="restAPITest()[pri:0, instance:qaclickacademy.APITest@1d2a7e8]" name="restAPITest" duration-ms="14" started-at="2022-04-23T14:54:16 IST" finished-at="2022-04-23T14:54:16 IST">
          <reporter-output>
          </reporter-output>
        </test-method> <!-- restAPITest -->
        <test-method status="PASS" signature="restAPITwitterDelete()[pri:0, instance:qaclickacademy.APITest@1d2a7e8]" name="restAPITwitterDelete" duration-ms="1" started-at="2022-04-23T14:54:16 IST" finished-at="2022-04-23T14:54:16 IST">
          <reporter-output>
          </reporter-output>
        </test-method> <!-- restAPITwitterDelete -->
      </class> <!-- qaclickacademy.APITest -->
    </test> <!-- Test -->
  </suite> <!-- Suite -->
</testng-results>
